{"C:\\Users\\pshah\\Documents\\GitHub\\analyze.shared.bi-lambda-insert-dimension-process-tracker\\src\\index.js": {"path":"C:\\Users\\pshah\\Documents\\GitHub\\analyze.shared.bi-lambda-insert-dimension-process-tracker\\src\\index.js","statementMap":{"0":{"start":{"line":3,"column":11},"end":{"line":3,"column":24}},"1":{"start":{"line":4,"column":14},"end":{"line":4,"column":30}},"2":{"start":{"line":5,"column":12},"end":{"line":5,"column":30}},"3":{"start":{"line":7,"column":0},"end":{"line":7,"column":56}},"4":{"start":{"line":9,"column":0},"end":{"line":181,"column":2}},"5":{"start":{"line":11,"column":4},"end":{"line":178,"column":5}},"6":{"start":{"line":13,"column":8},"end":{"line":13,"column":55}},"7":{"start":{"line":14,"column":8},"end":{"line":14,"column":56}},"8":{"start":{"line":17,"column":23},"end":{"line":17,"column":93}},"9":{"start":{"line":18,"column":8},"end":{"line":18,"column":45}},"10":{"start":{"line":20,"column":8},"end":{"line":173,"column":9}},"11":{"start":{"line":22,"column":12},"end":{"line":22,"column":78}},"12":{"start":{"line":23,"column":12},"end":{"line":23,"column":23}},"13":{"start":{"line":31,"column":12},"end":{"line":66,"column":13}},"14":{"start":{"line":33,"column":16},"end":{"line":33,"column":32}},"15":{"start":{"line":34,"column":16},"end":{"line":34,"column":45}},"16":{"start":{"line":35,"column":27},"end":{"line":35,"column":47}},"17":{"start":{"line":36,"column":25},"end":{"line":36,"column":45}},"18":{"start":{"line":37,"column":25},"end":{"line":37,"column":45}},"19":{"start":{"line":38,"column":25},"end":{"line":38,"column":46}},"20":{"start":{"line":39,"column":25},"end":{"line":39,"column":47}},"21":{"start":{"line":40,"column":25},"end":{"line":40,"column":47}},"22":{"start":{"line":41,"column":16},"end":{"line":41,"column":87}},"23":{"start":{"line":42,"column":16},"end":{"line":42,"column":53}},"24":{"start":{"line":44,"column":16},"end":{"line":44,"column":33}},"25":{"start":{"line":45,"column":16},"end":{"line":45,"column":49}},"26":{"start":{"line":49,"column":16},"end":{"line":49,"column":92}},"27":{"start":{"line":50,"column":16},"end":{"line":50,"column":45}},"28":{"start":{"line":51,"column":27},"end":{"line":51,"column":43}},"29":{"start":{"line":52,"column":25},"end":{"line":52,"column":41}},"30":{"start":{"line":53,"column":25},"end":{"line":53,"column":41}},"31":{"start":{"line":54,"column":25},"end":{"line":54,"column":42}},"32":{"start":{"line":55,"column":25},"end":{"line":55,"column":43}},"33":{"start":{"line":56,"column":25},"end":{"line":56,"column":43}},"34":{"start":{"line":57,"column":16},"end":{"line":57,"column":87}},"35":{"start":{"line":58,"column":16},"end":{"line":58,"column":53}},"36":{"start":{"line":60,"column":16},"end":{"line":63,"column":84}},"37":{"start":{"line":61,"column":20},"end":{"line":61,"column":37}},"38":{"start":{"line":63,"column":20},"end":{"line":63,"column":84}},"39":{"start":{"line":65,"column":16},"end":{"line":65,"column":49}},"40":{"start":{"line":69,"column":28},"end":{"line":69,"column":86}},"41":{"start":{"line":70,"column":12},"end":{"line":70,"column":51}},"42":{"start":{"line":106,"column":34},"end":{"line":106,"column":59}},"43":{"start":{"line":108,"column":12},"end":{"line":108,"column":69}},"44":{"start":{"line":111,"column":24},"end":{"line":111,"column":37}},"45":{"start":{"line":112,"column":30},"end":{"line":115,"column":13}},"46":{"start":{"line":118,"column":12},"end":{"line":172,"column":15}},"47":{"start":{"line":119,"column":16},"end":{"line":119,"column":79}},"48":{"start":{"line":177,"column":8},"end":{"line":177,"column":39}}},"fnMap":{"0":{"name":"(anonymous_0)","decl":{"start":{"line":9,"column":18},"end":{"line":9,"column":19}},"loc":{"start":{"line":10,"column":0},"end":{"line":181,"column":1}},"line":10},"1":{"name":"(anonymous_1)","decl":{"start":{"line":118,"column":40},"end":{"line":118,"column":41}},"loc":{"start":{"line":118,"column":55},"end":{"line":172,"column":13}},"line":118}},"branchMap":{"0":{"loc":{"start":{"line":11,"column":4},"end":{"line":178,"column":5}},"type":"if","locations":[{"start":{"line":11,"column":4},"end":{"line":178,"column":5}},{"start":{"line":11,"column":4},"end":{"line":178,"column":5}}],"line":11},"1":{"loc":{"start":{"line":20,"column":8},"end":{"line":173,"column":9}},"type":"if","locations":[{"start":{"line":20,"column":8},"end":{"line":173,"column":9}},{"start":{"line":20,"column":8},"end":{"line":173,"column":9}}],"line":20},"2":{"loc":{"start":{"line":31,"column":12},"end":{"line":66,"column":13}},"type":"if","locations":[{"start":{"line":31,"column":12},"end":{"line":66,"column":13}},{"start":{"line":31,"column":12},"end":{"line":66,"column":13}}],"line":31},"3":{"loc":{"start":{"line":60,"column":16},"end":{"line":63,"column":84}},"type":"if","locations":[{"start":{"line":60,"column":16},"end":{"line":63,"column":84}},{"start":{"line":60,"column":16},"end":{"line":63,"column":84}}],"line":60}},"s":{"0":1,"1":1,"2":1,"3":1,"4":1,"5":1,"6":1,"7":1,"8":1,"9":1,"10":1,"11":0,"12":0,"13":1,"14":0,"15":0,"16":0,"17":0,"18":0,"19":0,"20":0,"21":0,"22":0,"23":0,"24":0,"25":0,"26":1,"27":1,"28":1,"29":1,"30":1,"31":1,"32":1,"33":1,"34":1,"35":1,"36":1,"37":0,"38":1,"39":1,"40":1,"41":1,"42":1,"43":1,"44":1,"45":1,"46":1,"47":1,"48":0},"f":{"0":1,"1":1},"b":{"0":[1,0],"1":[0,1],"2":[0,1],"3":[0,1]},"_coverageSchema":"332fd63041d2c1bcb487cc26dd0d5f7d97098a6c","hash":"4e043f0778a33140c425053f9c64c0c148682e47"}
}
