TN:
SF:C:\Users\pshah\Documents\GitHub\analyze.shared.bi-lambda-insert-dimension-process-tracker\src\index.js
FN:9,(anonymous_0)
FN:118,(anonymous_1)
FNF:2
FNH:2
FNDA:1,(anonymous_0)
FNDA:1,(anonymous_1)
DA:3,1
DA:4,1
DA:5,1
DA:7,1
DA:9,1
DA:11,1
DA:13,1
DA:14,1
DA:17,1
DA:18,1
DA:20,1
DA:22,0
DA:23,0
DA:31,1
DA:33,0
DA:34,0
DA:35,0
DA:36,0
DA:37,0
DA:38,0
DA:39,0
DA:40,0
DA:41,0
DA:42,0
DA:44,0
DA:45,0
DA:49,1
DA:50,1
DA:51,1
DA:52,1
DA:53,1
DA:54,1
DA:55,1
DA:56,1
DA:57,1
DA:58,1
DA:60,1
DA:61,0
DA:63,1
DA:65,1
DA:69,1
DA:70,1
DA:106,1
DA:108,1
DA:111,1
DA:112,1
DA:118,1
DA:119,1
DA:177,0
LF:49
LH:33
BRDA:11,0,0,1
BRDA:11,0,1,0
BRDA:20,1,0,0
BRDA:20,1,1,1
BRDA:31,2,0,0
BRDA:31,2,1,1
BRDA:60,3,0,0
BRDA:60,3,1,1
BRF:8
BRH:4
end_of_record
